git status

touch commandos.log
touch README.md
git add README.md
git commit "first commit"
git remote add origin https://github.com/marijnkoel/toetsVersiebeheer.git
git pull origin master
git push -u origin master

touch index.html
git add index.html
git commit -m "index.html"

git add index.html
git commit -m "citaat toegevoegd"

git branch zandbak
git checkout zandbak

git add walter.jpg
git add index.html
git commit -m "foto toegevoegd"

git checkout master

git add index.html
git commit -m "citaatvddag toegevoegd"

git checkout zandbak
git rebase master

git checkout master
git merge zandbak

